\BOOKMARK [0][-]{chapter.1}{\376\377\000Q\000u\000i\000c\000k\000\040\000S\000t\000a\000r\000t}{}% 1
\BOOKMARK [1][-]{section.1.1}{\376\377\000I\000n\000s\000t\000a\000l\000l\000a\000t\000i\000o\000n}{chapter.1}% 2
\BOOKMARK [1][-]{section.1.2}{\376\377\000C\000o\000m\000m\000a\000n\000d\000\040\000l\000i\000n\000e\000\040\000i\000n\000t\000e\000r\000f\000a\000c\000e}{chapter.1}% 3
\BOOKMARK [1][-]{section.1.3}{\376\377\000U\000s\000i\000n\000g\000\040\000c\000a\000l\000z\000o\000n\000e\000\040\000i\000n\000\040\000p\000y\000t\000h\000o\000n}{chapter.1}% 4
\BOOKMARK [0][-]{chapter.2}{\376\377\000S\000u\000m\000m\000a\000r\000y\000\040\000a\000n\000d\000\040\000g\000u\000i\000d\000e\000\040\000f\000o\000r\000\040\000c\000a\000l\000z\000o\000n\000e}{}% 5
\BOOKMARK [1][-]{section.2.1}{\376\377\000G\000u\000i\000d\000e\000\040\000t\000o\000\040\000c\000a\000l\000z\000o\000n\000e\000\040\000a\000n\000d\000\040\000c\000a\000l\000i\000b\000r\000a\000t\000i\000o\000n\000\040\000m\000e\000t\000r\000i\000c\000s}{chapter.2}% 6
\BOOKMARK [0][-]{chapter.3}{\376\377\000R\000e\000l\000i\000a\000b\000i\000l\000i\000t\000y\000\040\000d\000i\000a\000g\000r\000a\000m}{}% 7
\BOOKMARK [1][-]{section.3.1}{\376\377\000R\000e\000f\000e\000r\000e\000n\000c\000e\000s}{chapter.3}% 8
\BOOKMARK [0][-]{chapter.4}{\376\377\000E\000x\000e\000p\000e\000c\000t\000e\000d\000\040\000C\000a\000l\000i\000b\000r\000a\000t\000i\000o\000n\000\040\000E\000r\000r\000o\000r\000\050\000E\000C\000E\000\051\000\040\000a\000n\000d\000\040\000M\000a\000x\000i\000m\000u\000m\000\040\000C\000a\000l\000i\000b\000r\000a\000t\000i\000o\000n\000\040\000E\000r\000r\000o\000r\000\040\000\050\000M\000C\000E\000\051}{}% 9
\BOOKMARK [1][-]{section.4.1}{\376\377\000T\000h\000e\000o\000r\000e\000t\000i\000c\000a\000l\000\040\000B\000a\000c\000k\000g\000r\000o\000u\000n\000d}{chapter.4}% 10
\BOOKMARK [2][-]{subsection.4.1.1}{\376\377\000E\000s\000t\000i\000m\000a\000t\000e\000d\000\040\000E\000C\000E\000\040\000a\000n\000d\000\040\000M\000C\000E}{section.4.1}% 11
\BOOKMARK [1][-]{section.4.2}{\376\377\000P\000r\000o\000s\000\040\000o\000f\000\040\000E\000C\000E\000\040\000a\000n\000d\000\040\000M\000C\000E}{chapter.4}% 12
\BOOKMARK [1][-]{section.4.3}{\376\377\000C\000o\000n\000s\000\040\000o\000f\000\040\000E\000C\000E\000\040\000a\000n\000d\000\040\000M\000C\000E}{chapter.4}% 13
\BOOKMARK [1][-]{section.4.4}{\376\377\000C\000a\000l\000c\000u\000l\000a\000t\000i\000n\000g\000\040\000E\000C\000E\000\040\000a\000n\000d\000\040\000M\000C\000E\000\040\000w\000i\000t\000h\000\040\000c\000a\000l\000z\000o\000n\000e}{chapter.4}% 14
\BOOKMARK [1][-]{section.4.5}{\376\377\000E\000C\000E\000\040\000a\000n\000d\000\040\000M\000C\000E\000\040\000a\000s\000\040\000f\000u\000n\000c\000t\000i\000o\000n\000\040\000o\000f\000\040\000b\000i\000n\000\040\000s\000i\000z\000e}{chapter.4}% 15
\BOOKMARK [1][-]{section.4.6}{\376\377\000R\000e\000f\000e\000r\000e\000n\000c\000e}{chapter.4}% 16
\BOOKMARK [0][-]{chapter.5}{\376\377\000H\000o\000s\000m\000e\000r\000-\000L\000e\000m\000e\000s\000h\000o\000w\000\040\000t\000e\000s\000t\000\040\000\050\000H\000L\000\040\000t\000e\000s\000t\000\051}{}% 17
\BOOKMARK [1][-]{section.5.1}{\376\377\000T\000h\000e\000o\000r\000e\000t\000i\000c\000a\000l\000\040\000B\000a\000c\000k\000g\000r\000o\000u\000n\000d}{chapter.5}% 18
\BOOKMARK [1][-]{section.5.2}{\376\377\000P\000r\000o\000s\000\040\000o\000f\000\040\000H\000L\000\040\000t\000e\000s\000t}{chapter.5}% 19
\BOOKMARK [1][-]{section.5.3}{\376\377\000C\000o\000n\000s\000\040\000o\000f\000\040\000H\000L\000\040\000T\000e\000s\000t}{chapter.5}% 20
\BOOKMARK [1][-]{section.5.4}{\376\377\000C\000a\000l\000c\000u\000l\000a\000t\000i\000n\000g\000\040\000H\000L\000\040\000t\000e\000s\000t\000\040\000s\000t\000a\000t\000i\000s\000t\000i\000c\000s\000\040\000a\000n\000d\000\040\000p\000-\000v\000a\000l\000u\000e\000\040\000w\000i\000t\000h\000\040\000c\000a\000l\000z\000o\000n\000e}{chapter.5}% 21
\BOOKMARK [1][-]{section.5.5}{\376\377\000S\000i\000z\000e\000\040\000o\000f\000\040\000H\000L\000\040\000t\000e\000s\000t}{chapter.5}% 22
\BOOKMARK [1][-]{section.5.6}{\376\377\000R\000e\000f\000e\000r\000e\000n\000c\000e}{chapter.5}% 23
\BOOKMARK [0][-]{chapter.6}{\376\377\000C\000O\000X\000\040\000c\000a\000l\000i\000b\000r\000a\000t\000i\000o\000n\000\040\000a\000n\000a\000l\000y\000s\000i\000s}{}% 24
\BOOKMARK [1][-]{section.6.1}{\376\377\000T\000h\000e\000o\000r\000e\000t\000i\000c\000a\000l\000\040\000B\000a\000c\000k\000g\000r\000o\000u\000n\000d}{chapter.6}% 25
\BOOKMARK [1][-]{section.6.2}{\376\377\000P\000r\000o\000s\000\040\000o\000f\000\040\000C\000o\000x\000\040\000c\000a\000l\000i\000b\000r\000a\000t\000i\000o\000n\000\040\000a\000n\000a\000l\000y\000s\000i\000s}{chapter.6}% 26
\BOOKMARK [1][-]{section.6.3}{\376\377\000C\000o\000n\000s\000\040\000o\000f\000\040\000C\000o\000x\000\040\000c\000a\000l\000i\000b\000r\000a\000t\000i\000o\000n\000\040\000a\000n\000a\000l\000y\000s\000i\000s}{chapter.6}% 27
\BOOKMARK [1][-]{section.6.4}{\376\377\000C\000a\000l\000c\000u\000l\000a\000t\000i\000n\000g\000\040\000C\000o\000x\000\040\000s\000l\000o\000p\000e\000\040\000a\000n\000d\000\040\000i\000n\000t\000e\000r\000c\000e\000p\000t\000\040\000w\000i\000t\000h\000\040\000c\000a\000l\000z\000o\000n\000e}{chapter.6}% 28
\BOOKMARK [1][-]{section.6.5}{\376\377\000S\000i\000z\000e\000\040\000o\000f\000\040\000C\000O\000X\000\040\000s\000l\000o\000p\000e\000\040\000a\000n\000d\000\040\000i\000n\000t\000e\000c\000e\000p\000t\000\040\000t\000e\000s\000t}{chapter.6}% 29
\BOOKMARK [1][-]{section.6.6}{\376\377\000R\000e\000f\000e\000r\000e\000n\000c\000e\000s}{chapter.6}% 30
\BOOKMARK [0][-]{chapter.7}{\376\377\000I\000n\000t\000e\000g\000r\000a\000t\000e\000d\000\040\000C\000a\000l\000i\000b\000r\000a\000t\000i\000o\000n\000\040\000I\000n\000d\000e\000x\000\040\000\050\000I\000C\000I\000\051}{}% 31
\BOOKMARK [1][-]{section.7.1}{\376\377\000T\000h\000e\000o\000r\000e\000t\000i\000c\000a\000l\000\040\000B\000a\000c\000k\000g\000r\000o\000u\000n\000d}{chapter.7}% 32
\BOOKMARK [1][-]{section.7.2}{\376\377\000P\000r\000o\000s\000\040\000o\000f\000\040\000I\000C\000I}{chapter.7}% 33
\BOOKMARK [1][-]{section.7.3}{\376\377\000C\000o\000n\000s\000\040\000o\000f\000\040\000I\000C\000I}{chapter.7}% 34
\BOOKMARK [1][-]{section.7.4}{\376\377\000C\000a\000l\000c\000u\000l\000a\000t\000i\000n\000g\000\040\000L\000O\000E\000S\000S\000\040\000I\000C\000I\000\040\000a\000n\000d\000\040\000C\000O\000X\000\040\000I\000C\000I\000\040\000u\000s\000i\000n\000g\000\040\000c\000a\000l\000z\000o\000n\000e}{chapter.7}% 35
\BOOKMARK [1][-]{section.7.5}{\376\377\000V\000i\000s\000u\000a\000l\000i\000z\000a\000t\000i\000o\000n\000\040\000o\000f\000\040\000t\000h\000e\000\040\000f\000i\000t\000t\000e\000d\000\040\000c\000u\000r\000v\000e}{chapter.7}% 36
\BOOKMARK [1][-]{section.7.6}{\376\377\000R\000e\000f\000e\000r\000e\000n\000c\000e}{chapter.7}% 37
\BOOKMARK [0][-]{chapter.8}{\376\377\000S\000p\000i\000e\000g\000e\000l\000h\000a\000l\000t\000e\000r\040\031\000s\000\040\000Z\000-\000t\000e\000s\000t}{}% 38
\BOOKMARK [1][-]{section.8.1}{\376\377\000T\000h\000e\000o\000r\000e\000t\000i\000c\000a\000l\000\040\000b\000a\000c\000k\000g\000r\000o\000u\000n\000d}{chapter.8}% 39
\BOOKMARK [1][-]{section.8.2}{\376\377\000P\000r\000o\000s\000\040\000o\000f\000\040\000S\000p\000i\000e\000g\000e\000l\000h\000a\000l\000t\000e\000r\040\031\000s\000\040\000Z\000\040\000t\000e\000s\000t}{chapter.8}% 40
\BOOKMARK [1][-]{section.8.3}{\376\377\000C\000o\000n\000s\000\040\000o\000f\000\040\000S\000p\000i\000e\000g\000e\000l\000h\000a\000l\000t\000e\000r\040\031\000s\000\040\000Z\000\040\000t\000e\000s\000t}{chapter.8}% 41
\BOOKMARK [1][-]{section.8.4}{\376\377\000C\000a\000l\000c\000u\000l\000a\000t\000i\000n\000g\000\040\000t\000h\000e\000\040\000S\000p\000i\000e\000e\000g\000e\000l\000h\000a\000l\000t\000e\000r\000\040\000Z\000\040\000s\000c\000o\000r\000e\000\040\000a\000n\000d\000\040\000p\000-\000v\000a\000l\000u\000e\000\040\000u\000s\000i\000n\000g\000\040\000c\000a\000l\000z\000o\000n\000e}{chapter.8}% 42
\BOOKMARK [1][-]{section.8.5}{\376\377\000T\000e\000s\000t\000i\000n\000g\000\040\000t\000h\000e\000\040\000s\000i\000z\000e\000\040\000o\000f\000\040\000S\000p\000i\000e\000g\000e\000l\000h\000a\000l\000t\000e\000r\040\031\000s\000\040\000z\000\040\000t\000e\000s\000t}{chapter.8}% 43
\BOOKMARK [1][-]{section.8.6}{\376\377\000R\000e\000f\000e\000r\000e\000n\000c\000e}{chapter.8}% 44
\BOOKMARK [0][-]{chapter.9}{\376\377\000P\000r\000e\000v\000a\000l\000e\000n\000c\000e\000\040\000a\000d\000j\000u\000s\000t\000m\000e\000n\000t}{}% 45
\BOOKMARK [1][-]{section.9.1}{\376\377\000P\000r\000e\000f\000o\000r\000m\000\040\000p\000r\000e\000v\000a\000l\000e\000n\000c\000e\000\040\000a\000d\000j\000u\000s\000t\000m\000e\000n\000t\000\040\000i\000n\000\040\000c\000a\000l\000z\000o\000n\000e}{chapter.9}% 46
\BOOKMARK [1][-]{section.9.2}{\376\377\000P\000r\000e\000v\000a\000l\000e\000n\000c\000e\000\040\000a\000d\000j\000u\000s\000t\000m\000e\000n\000t\000\040\000a\000n\000d\000\040\000c\000o\000n\000s\000t\000a\000n\000t\000\040\000s\000h\000i\000f\000t\000\040\000i\000n\000\040\000l\000o\000g\000i\000t\000\040\000o\000f\000\040\000c\000l\000a\000s\000s\000-\000o\000f\000-\000i\000n\000t\000e\000r\000e\000s\000t}{chapter.9}% 47
\BOOKMARK [1][-]{section.9.3}{\376\377\000R\000e\000f\000e\000r\000e\000n\000c\000e\000s}{chapter.9}% 48
\BOOKMARK [0][-]{chapter.10}{\376\377\000S\000u\000b\000g\000r\000o\000u\000p\000\040\000a\000n\000a\000l\000y\000s\000i\000s}{}% 49
\BOOKMARK [0][-]{chapter.11}{\376\377\000M\000u\000l\000t\000i\000c\000l\000a\000s\000s\000\040\000e\000x\000t\000e\000n\000s\000i\000o\000n}{}% 50
\BOOKMARK [0][-]{chapter.12}{\376\377\000R\000u\000n\000n\000i\000n\000g\000\040\000G\000U\000I}{}% 51
\BOOKMARK [0][-]{chapter.13}{\376\377\000V\000a\000l\000i\000d\000a\000t\000i\000n\000g\000\040\000m\000e\000t\000r\000i\000c\000s\000\040\000w\000i\000t\000h\000\040\000e\000x\000t\000e\000r\000n\000a\000l\000\040\000p\000a\000c\000k\000a\000g\000e\000s}{}% 52
\BOOKMARK [1][-]{section.13.1}{\376\377\000R\000e\000l\000i\000a\000b\000i\000l\000i\000t\000y\000\040\000d\000i\000a\000g\000r\000a\000m}{chapter.13}% 53
\BOOKMARK [1][-]{section.13.2}{\376\377\000E\000x\000p\000e\000c\000t\000e\000d\000\040\000c\000a\000l\000i\000b\000r\000a\000t\000i\000o\000n\000\040\000e\000r\000r\000o\000r\000\040\000a\000n\000d\000\040\000Z\000\040\000t\000e\000s\000t}{chapter.13}% 54
\BOOKMARK [1][-]{section.13.3}{\376\377\000H\000L\000\040\000t\000e\000s\000t}{chapter.13}% 55
\BOOKMARK [1][-]{section.13.4}{\376\377\000r\000e\000f\000e\000r\000e\000n\000c\000e}{chapter.13}% 56
\BOOKMARK [0][-]{chapter.14}{\376\377\000c\000a\000l\000z\000o\000n\000e}{}% 57
\BOOKMARK [1][-]{section.14.1}{\376\377\000c\000a\000l\000z\000o\000n\000e\000\040\000p\000a\000c\000k\000a\000g\000e}{chapter.14}% 58
\BOOKMARK [2][-]{subsection.14.1.1}{\376\377\000S\000u\000b\000m\000o\000d\000u\000l\000e\000s}{section.14.1}% 59
\BOOKMARK [2][-]{subsection.14.1.2}{\376\377\000c\000a\000l\000z\000o\000n\000e\000.\000m\000e\000t\000r\000i\000c\000s\000\040\000m\000o\000d\000u\000l\000e}{section.14.1}% 60
\BOOKMARK [2][-]{subsection.14.1.3}{\376\377\000c\000a\000l\000z\000o\000n\000e\000.\000u\000t\000i\000l\000s\000\040\000m\000o\000d\000u\000l\000e}{section.14.1}% 61
\BOOKMARK [2][-]{subsection.14.1.4}{\376\377\000c\000a\000l\000z\000o\000n\000e\000.\000v\000i\000s\000\040\000m\000o\000d\000u\000l\000e}{section.14.1}% 62
\BOOKMARK [2][-]{subsection.14.1.5}{\376\377\000M\000o\000d\000u\000l\000e\000\040\000c\000o\000n\000t\000e\000n\000t\000s}{section.14.1}% 63
\BOOKMARK [0][-]{section*.50}{\376\377\000P\000y\000t\000h\000o\000n\000\040\000M\000o\000d\000u\000l\000e\000\040\000I\000n\000d\000e\000x}{}% 64
\BOOKMARK [0][-]{section*.51}{\376\377\000I\000n\000d\000e\000x}{}% 65
